<?xml version="1.0" encoding="UTF-8"?>
<testsuite xmlns:xsi="http://www.w3.org/2001/XMLSchema-instance" xsi:schemaLocation="https://maven.apache.org/surefire/maven-surefire-plugin/xsd/surefire-test-report.xsd" name="SystemTest" time="0.002" tests="15" errors="0" skipped="0" failures="0">
  <properties>
[...]
</properties>
  <testcase name="isMyAncestorTest" classname="SystemTest" time="0.001"/>
  <testcase name="getAncestorTest" classname="SystemTest" time="0"/>
  <testcase name="getChildTest" classname="SystemTest" time="0"/>
  <testcase name="getChildrenTest" classname="SystemTest" time="0"/>
  <testcase name="getDescendantsTest" classname="SystemTest" time="0"/>
  <testcase name="getSiblingsTest" classname="SystemTest" time="0"/>
  <testcase name="getNeighborsTest" classname="SystemTest" time="0"/>
  <testcase name="fromStringToStringTest" classname="SystemTest" time="0"/>
  <testcase name="getGeoCoordinateBounds2dTest" classname="SystemTest" time="0"/>
  <testcase name="isRootKeyTest" classname="SystemTest" time="0"/>
  <testcase name="getParentTest" classname="SystemTest" time="0"/>
  <testcase name="getKeyFromLongitudeLatitudeAtDepthToBoundsTest" classname="SystemTest" time="0"/>
  <testcase name="getKeysFromLongitudeLatitudeBoundingBoxTest" classname="SystemTest" time="0"/>
  <testcase name="selecetedCitiesTest" classname="SystemTest" time="0"/>
  <testcase name="isValidTest" classname="SystemTest" time="0"/>
</testsuite>